Start testing: May 17 13:28 RTZ 6 (çèìà)
----------------------------------------------------------
1/1 Testing: data
1/1 Test: data
Command: "C:/labs/lab/data_test/build/data.exe"
Directory: C:/labs/lab/data_test/build
"data" start time: May 17 13:28 RTZ 6 (çèìà)
Output:
----------------------------------------------------------
********* Start testing of data *********
Config: Using QtTest library 6.9.0, Qt 6.9.0 (x86_64-little_endian-llp64 shared (dynamic) release build; by GCC 14.2.0), windows 11
PASS   : data::initTestCase()
FAIL!  : data::test_validDates() 'DataValidator::isValidDate("2024.0000.01")' returned FALSE. ()
C:/labs/lab/data_test/tst_data.cpp(15) : failure location
PASS   : data::test_invalidDates()
PASS   : data::cleanupTestCase()
Totals: 3 passed, 1 failed, 0 skipped, 0 blacklisted, 4ms
********* Finished testing of data *********
<end of output>
Test time =   0.03 sec
----------------------------------------------------------
Test Failed.
"data" end time: May 17 13:28 RTZ 6 (çèìà)
"data" time elapsed: 00:00:00
----------------------------------------------------------

End testing: May 17 13:28 RTZ 6 (çèìà)
